\BOOKMARK [1][-]{section.1}{\376\377\162\171\140\047\116\013\150\007\127\050\217\331\221\314}{}% 1
\BOOKMARK [1][-]{section.2}{\376\377\145\110\147\234\157\024\171\072}{}% 2
\BOOKMARK [2][-]{subsection.2.1}{\376\377\146\156\220\032\145\207\147\054}{section.2}% 3
\BOOKMARK [2][-]{subsection.2.2}{\376\377\116\214\176\247\150\007\230\230}{section.2}% 4
\BOOKMARK [3][-]{subsubsection.2.2.1}{\376\377\116\011\176\247\150\007\230\230}{subsection.2.2}% 5
\BOOKMARK [4][-]{section*.1}{\376\377\126\333\176\247\150\007\230\230}{subsubsection.2.2.1}% 6
\BOOKMARK [2][-]{subsection.2.3}{\376\377\201\032\154\350}{section.2}% 7
\BOOKMARK [2][-]{subsection.2.4}{\376\377\210\150\150\074}{section.2}% 8
\BOOKMARK [2][-]{subsection.2.5}{\376\377\122\027\210\150\124\214\136\217\123\367\000/\000i\000t\000e\000m\000i\000z\000e\000\046\000e\000n\000u\000m\000e\000r\000a\000t\000e}{section.2}% 9
\BOOKMARK [2][-]{subsection.2.6}{\376\377\126\376\162\107}{section.2}% 10
\BOOKMARK [3][-]{subsubsection.2.6.1}{\376\377\210\114\121\205\126\376\162\107}{subsection.2.6}% 11
\BOOKMARK [3][-]{subsubsection.2.6.2}{\376\377\210\114\225\364\126\376\162\107}{subsection.2.6}% 12
\BOOKMARK [2][-]{subsection.2.7}{\376\377\121\154\137\017}{section.2}% 13
\BOOKMARK [1][-]{section.3}{\376\377\000T\000e\000x\145\207\116\366\143\322\121\145}{}% 14
\BOOKMARK [2][-]{subsection.3.1}{\376\377\173\046\123\367\145\057\143\001}{section.3}% 15
\BOOKMARK [3][-]{subsubsection.3.1.1}{\376\377\136\014\201\112\133\127\153\315}{subsection.3.1}% 16
\BOOKMARK [3][-]{subsubsection.3.1.2}{\376\377\217\320\173\227\173\046\123\367}{subsection.3.1}% 17
\BOOKMARK [2][-]{subsection.3.2}{\376\377\116\343\170\001}{section.3}% 18
\BOOKMARK [2][-]{subsection.3.3}{\376\377\137\025\165\050}{section.3}% 19
\BOOKMARK [1][-]{section.4}{\376\377\145\260\162\171\140\047\000-\137\025\121\145\121\166\116\326\000M\000a\000r\000k\000d\000o\000w\000n\145\207\150\143}{}% 20
\BOOKMARK [2][-]{subsection.4.1}{\376\377\173\200\123\125\210\150\150\074}{section.4}% 21
\BOOKMARK [2][-]{subsection.4.2}{\376\377\146\156\220\032\210\150\150\074}{section.4}% 22
